<?xml version="1.0" encoding="UTF-8"?><testsuite errors="1" failures="0" name="com.petstoreapp.junit.FirstSerenityTest" skipped="0" tests="1" time="0.21" timestamp="2020-12-357 12:57:27"><testcase classname="com.petstoreapp.junit.FirstSerenityTest" name="Get all pets"><error message="Receiver class io.restassured.internal.RequestSpecificationImpl does not define or inherit an implementation of the resolved method 'abstract java.lang.Object invokeMethod(java.lang.String, java.lang.Object)' of interface groovy.lang.GroovyObject." type="java.lang.AbstractMethodError">Receiver class io.restassured.internal.RequestSpecificationImpl does not define or inherit an implementation of the resolved method 'abstract java.lang.Object invokeMethod(java.lang.String, java.lang.Object)' of interface groovy.lang.GroovyObject.</error><system-err>Receiver class io.restassured.internal.RequestSpecificationImpl does not define or inherit an implementation of the resolved method 'abstract java.lang.Object invokeMethod(java.lang.String, java.lang.Object)' of interface groovy.lang.GroovyObject.&#13;
io.restassured.internal.RequestSpecificationImpl.&lt;init&gt;(RequestSpecificationImpl.groovy:145)&#13;
io.restassured.RestAssured.createTestSpecification(RestAssured.java:1452)&#13;
io.restassured.RestAssured.given(RestAssured.java:653)&#13;
com.petstoreapp.junit.FirstSerenityTest.getAllPets(FirstSerenityTest.java:27)&#13;
java.base/jdk.internal.reflect.NativeMethodAccessorImpl.invoke0(Native Method)&#13;
java.base/jdk.internal.reflect.NativeMethodAccessorImpl.invoke(NativeMethodAccessorImpl.java:64)&#13;
java.base/jdk.internal.reflect.DelegatingMethodAccessorImpl.invoke(DelegatingMethodAccessorImpl.java:43)&#13;
org.eclipse.jdt.internal.junit4.runner.JUnit4TestReference.run(JUnit4TestReference.java:89)&#13;
org.eclipse.jdt.internal.junit.runner.TestExecution.run(TestExecution.java:41)&#13;
org.eclipse.jdt.internal.junit.runner.RemoteTestRunner.runTests(RemoteTestRunner.java:542)&#13;
org.eclipse.jdt.internal.junit.runner.RemoteTestRunner.runTests(RemoteTestRunner.java:770)&#13;
org.eclipse.jdt.internal.junit.runner.RemoteTestRunner.run(RemoteTestRunner.java:464)&#13;
org.eclipse.jdt.internal.junit.runner.RemoteTestRunner.main(RemoteTestRunner.java:210)&#13;
</system-err></testcase></testsuite>